#
# A fatal error has been detected by the Java Runtime Environment:
#
#  Internal Error (javaClasses.cpp:136), pid=964, tid=172
#  fatal error: Invalid layout of preloaded class
#
# JRE version:  (7.0_51-b13) (build )
# Java VM: Java HotSpot(TM) Client VM (24.51-b03 mixed mode windows-x86 )
# Failed to write core dump. Minidumps are not enabled by default on client versions of Windows
#
# If you would like to submit a bug report, please visit:
#   http://bugreport.sun.com/bugreport/crash.jsp
#

---------------  T H R E A D  ---------------

Current thread (0x004d3c00):  JavaThread "Unknown thread" [_thread_in_vm, id=172, stack(0x00180000,0x001d0000)]

Stack: [0x00180000,0x001d0000],  sp=0x001cf3ec,  free space=316k
Native frames: (J=compiled Java code, j=interpreted, Vv=VM code, C=native code)
V  [jvm.dll+0x18e0f1]
V  [jvm.dll+0x187e66]
V  [jvm.dll+0x3586a]
V  [jvm.dll+0x358f6]
V  [jvm.dll+0x4400d]
V  [jvm.dll+0x442be]
V  [jvm.dll+0x9263a]
V  [jvm.dll+0x929eb]
V  [jvm.dll+0x13dc51]
V  [jvm.dll+0x16076c]
V  [jvm.dll+0xc8ebf]
C  [javaw.exe+0x13ce]
C  [javaw.exe+0x1e40]
C  [javaw.exe+0xa5b1]
C  [javaw.exe+0xa63b]
C  [kernel32.dll+0x4ee1c]
C  [ntdll.dll+0x637eb]
C  [ntdll.dll+0x637be]


---------------  P R O C E S S  ---------------

Java Threads: ( => current thread )

Other Threads:

=>0x004d3c00 (exited) JavaThread "Unknown thread" [_thread_in_vm, id=172, stack(0x00180000,0x001d0000)]

VM state:not at safepoint (not fully initialized)

VM Mutex/Monitor currently owned by a thread: None

GC Heap History (0 events):
No events

Deoptimization events (0 events):
No events

Internal exceptions (0 events):
No events

Events (10 events):
Event: 0.064 loading class 0x004f1eb0 done
Event: 0.064 loading class 0x004f1940 done
Event: 0.064 loading class 0x004f1920
Event: 0.065 loading class 0x004f8c48
Event: 0.083 loading class 0x004f8c48 done
Event: 0.083 loading class 0x004f8c78
Event: 0.084 loading class 0x004f8c78 done
Event: 0.084 loading class 0x004f8ca8
Event: 0.084 loading class 0x004f8ca8 done
Event: 0.084 loading class 0x004f1920 done


Dynamic libraries:
0x00b10000 - 0x00b3f000 	C:\Program Files\Java\jdk1.7.0_51\bin\javaw.exe
0x77340000 - 0x7747c000 	C:\Windows\SYSTEM32\ntdll.dll
0x77000000 - 0x770d4000 	C:\Windows\system32\kernel32.dll
0x75430000 - 0x7547b000 	C:\Windows\system32\KERNELBASE.dll
0x76f60000 - 0x77000000 	C:\Windows\system32\ADVAPI32.dll
0x770e0000 - 0x7718c000 	C:\Windows\system32\msvcrt.dll
0x76b00000 - 0x76b19000 	C:\Windows\SYSTEM32\sechost.dll
0x76b20000 - 0x76bc2000 	C:\Windows\system32\RPCRT4.dll
0x77270000 - 0x77339000 	C:\Windows\system32\USER32.dll
0x77190000 - 0x771de000 	C:\Windows\system32\GDI32.dll
0x76f30000 - 0x76f3a000 	C:\Windows\system32\LPK.dll
0x76e90000 - 0x76f2d000 	C:\Windows\system32\USP10.dll
0x74400000 - 0x7459e000 	C:\Windows\WinSxS\x86_microsoft.windows.common-controls_6595b64144ccf1df_6.0.7601.17514_none_41e6975e2bd6f2b2\COMCTL32.dll
0x75940000 - 0x75997000 	C:\Windows\system32\SHLWAPI.dll
0x76f40000 - 0x76f5f000 	C:\Windows\system32\IMM32.DLL
0x774a0000 - 0x7756c000 	C:\Windows\system32\MSCTF.dll
0x6e740000 - 0x6e7ff000 	C:\Program Files\Java\jdk1.7.0_51\jre\bin\msvcr100.dll
0x6ce10000 - 0x6d190000 	C:\Program Files\Java\jdk1.7.0_51\jre\bin\client\jvm.dll
0x73310000 - 0x73317000 	C:\Windows\system32\WSOCK32.dll
0x759a0000 - 0x759d5000 	C:\Windows\system32\WS2_32.dll
0x77490000 - 0x77496000 	C:\Windows\system32\NSI.dll
0x73740000 - 0x73772000 	C:\Windows\system32\WINMM.dll
0x76a70000 - 0x76a75000 	C:\Windows\system32\PSAPI.DLL
0x73b60000 - 0x73b6c000 	C:\Program Files\Java\jdk1.7.0_51\jre\bin\verify.dll
0x73b40000 - 0x73b60000 	C:\Program Files\Java\jdk1.7.0_51\jre\bin\java.dll
0x73030000 - 0x73043000 	C:\Program Files\Java\jdk1.7.0_51\jre\bin\zip.dll
0x71670000 - 0x7175b000 	C:\Windows\system32\dbghelp.dll

VM Arguments:
jvm_args: -Dfile.encoding=Cp1251 -Xbootclasspath:C:\Users\Никола\android-sdks\platforms\android-19\android.jar 
java_command: com.example.webcatapult.SQLiteJDBC
Launcher Type: SUN_STANDARD

Environment Variables:
PATH=C:\Windows\system32;C:\Windows;C:\Windows\System32\Wbem;C:\Windows\System32\WindowsPowerShell\v1.0\;C:\Program Files\ATI Technologies\ATI.ACE\Core-Static;C:\Program Files\nodejs\;C:\Program Files\Git\bin;C:\Program Files\Git\cmd;C:\Users\Никола\AppData\Roaming\npm
USERNAME=Никола
OS=Windows_NT
PROCESSOR_IDENTIFIER=x86 Family 15 Model 44 Stepping 2, AuthenticAMD



---------------  S Y S T E M  ---------------

OS: Windows 7 Build 7601 Service Pack 1

CPU:total 1 (1 cores per cpu, 1 threads per core) family 15 model 44 stepping 2, cmov, cx8, fxsr, mmx, sse, sse2, sse3, mmxext, 3dnowpref, tsc

Memory: 4k page, physical 1048120k(47380k free), swap 2096696k(376452k free)

vm_info: Java HotSpot(TM) Client VM (24.51-b03) for windows-x86 JRE (1.7.0_51-b13), built on Dec 18 2013 19:09:58 by "java_re" with unknown MS VC++:1600

time: Wed Dec 31 15:47:22 2014
elapsed time: 0 seconds

